# JRE version: OpenJDK Runtime Environment Temurin-21.0.9+10 (21.0.9+10) (build 21.0.9+10-LTS)
# Java VM: OpenJDK 64-Bit Server VM Temurin-21.0.9+10 (21.0.9+10-LTS, mixed mode, sharing, tiered, compressed oops, compressed class ptrs, parallel gc, windows-amd64)
GC Precious Log:
 CardTable entry size: 512
 CPUs: 12 total, 12 available
 Memory: 7521M
 Large Page Support: Disabled
 NUMA Support: Disabled
 Compressed Oops: Enabled (32-bit)
 Alignments: Space 512K, Generation 512K, Heap 2M
 Heap Min Capacity: 100M
 Heap Initial Capacity: 100M
 Heap Max Capacity: 2G
 Pre-touch: Disabled
 Parallel Workers: 10
Heap:
 PSYoungGen      total 9728K, used 9070K [0x00000000d5580000, 0x00000000d6100000, 0x0000000100000000)
  eden space 8704K, 94% used [0x00000000d5580000,0x00000000d5d87ae0,0x00000000d5e00000)
  from space 1024K, 82% used [0x00000000d5e00000,0x00000000d5ed4010,0x00000000d5f00000)
  to   space 1536K, 0% used [0x00000000d5f80000,0x00000000d5f80000,0x00000000d6100000)
 ParOldGen       total 119808K, used 119315K [0x0000000080000000, 0x0000000087500000, 0x00000000d5580000)
  object space 119808K, 99% used [0x0000000080000000,0x0000000087484c38,0x0000000087500000)
 Metaspace       used 65911K, committed 67392K, reserved 1114112K
  class space    used 6871K, committed 7552K, reserved 1048576K
GC Heap History (20 events):
Event: 18.125 GC heap before
{Heap before GC invocations=183 (full 3):
 PSYoungGen      total 11776K, used 11370K [0x00000000d5580000, 0x00000000d6300000, 0x0000000100000000)
  eden space 9728K, 100% used [0x00000000d5580000,0x00000000d5f00000,0x00000000d5f00000)
  from space 2048K, 80% used [0x00000000d5f00000,0x00000000d609a8a0,0x00000000d6100000)
  to   space 2048K, 0% used [0x00000000d6100000,0x00000000d6100000,0x00000000d6300000)
 ParOldGen       total 109056K, used 108936K [0x0000000080000000, 0x0000000086a80000, 0x00000000d5580000)
  object space 109056K, 99% used [0x0000000080000000,0x0000000086a62050,0x0000000086a80000)
 Metaspace       used 63492K, committed 65024K, reserved 1114112K
  class space    used 6718K, committed 7360K, reserved 1048576K
}
Event: 18.128 GC heap after
{Heap after GC invocations=183 (full 3):
 PSYoungGen      total 11264K, used 2016K [0x00000000d5580000, 0x00000000d6400000, 0x0000000100000000)
  eden space 9216K, 0% used [0x00000000d5580000,0x00000000d5580000,0x00000000d5e80000)
  from space 2048K, 98% used [0x00000000d6100000,0x00000000d62f8370,0x00000000d6300000)
  to   space 2560K, 0% used [0x00000000d5e80000,0x00000000d5e80000,0x00000000d6100000)
 ParOldGen       total 110592K, used 110346K [0x0000000080000000, 0x0000000086c00000, 0x00000000d5580000)
  object space 110592K, 99% used [0x0000000080000000,0x0000000086bc2b70,0x0000000086c00000)
 Metaspace       used 63492K, committed 65024K, reserved 1114112K
  class space    used 6718K, committed 7360K, reserved 1048576K
}
Event: 18.207 GC heap before
{Heap before GC invocations=184 (full 3):
 PSYoungGen      total 11264K, used 11232K [0x00000000d5580000, 0x00000000d6400000, 0x0000000100000000)
  eden space 9216K, 100% used [0x00000000d5580000,0x00000000d5e80000,0x00000000d5e80000)
  from space 2048K, 98% used [0x00000000d6100000,0x00000000d62f8370,0x00000000d6300000)
  to   space 2560K, 0% used [0x00000000d5e80000,0x00000000d5e80000,0x00000000d6100000)
 ParOldGen       total 110592K, used 110346K [0x0000000080000000, 0x0000000086c00000, 0x00000000d5580000)
  object space 110592K, 99% used [0x0000000080000000,0x0000000086bc2b70,0x0000000086c00000)
 Metaspace       used 63825K, committed 65408K, reserved 1114112K
  class space    used 6742K, committed 7424K, reserved 1048576K
}
Event: 18.210 GC heap after
{Heap after GC invocations=184 (full 3):
 PSYoungGen      total 10752K, used 1472K [0x00000000d5580000, 0x00000000d6280000, 0x0000000100000000)
  eden space 9216K, 0% used [0x00000000d5580000,0x00000000d5580000,0x00000000d5e80000)
  from space 1536K, 95% used [0x00000000d5e80000,0x00000000d5ff0190,0x00000000d6000000)
  to   space 2048K, 0% used [0x00000000d6080000,0x00000000d6080000,0x00000000d6280000)
 ParOldGen       total 112128K, used 112088K [0x0000000080000000, 0x0000000086d80000, 0x00000000d5580000)
  object space 112128K, 99% used [0x0000000080000000,0x0000000086d76300,0x0000000086d80000)
 Metaspace       used 63825K, committed 65408K, reserved 1114112K
  class space    used 6742K, committed 7424K, reserved 1048576K
}
Event: 18.263 GC heap before
{Heap before GC invocations=185 (full 3):
 PSYoungGen      total 10752K, used 10688K [0x00000000d5580000, 0x00000000d6280000, 0x0000000100000000)
  eden space 9216K, 100% used [0x00000000d5580000,0x00000000d5e80000,0x00000000d5e80000)
  from space 1536K, 95% used [0x00000000d5e80000,0x00000000d5ff0190,0x00000000d6000000)
  to   space 2048K, 0% used [0x00000000d6080000,0x00000000d6080000,0x00000000d6280000)
 ParOldGen       total 112128K, used 112088K [0x0000000080000000, 0x0000000086d80000, 0x00000000d5580000)
  object space 112128K, 99% used [0x0000000080000000,0x0000000086d76300,0x0000000086d80000)
 Metaspace       used 63993K, committed 65536K, reserved 1114112K
  class space    used 6751K, committed 7424K, reserved 1048576K
}
Event: 18.265 GC heap after
{Heap after GC invocations=185 (full 3):
 PSYoungGen      total 10752K, used 1216K [0x00000000d5580000, 0x00000000d6200000, 0x0000000100000000)
  eden space 9216K, 0% used [0x00000000d5580000,0x00000000d5580000,0x00000000d5e80000)
  from space 1536K, 79% used [0x00000000d6080000,0x00000000d61b0040,0x00000000d6200000)
  to   space 1536K, 0% used [0x00000000d5e80000,0x00000000d5e80000,0x00000000d6000000)
 ParOldGen       total 113664K, used 113353K [0x0000000080000000, 0x0000000086f00000, 0x00000000d5580000)
  object space 113664K, 99% used [0x0000000080000000,0x0000000086eb2598,0x0000000086f00000)
 Metaspace       used 63993K, committed 65536K, reserved 1114112K
  class space    used 6751K, committed 7424K, reserved 1048576K
}
Event: 18.307 GC heap before
{Heap before GC invocations=186 (full 3):
 PSYoungGen      total 10752K, used 10429K [0x00000000d5580000, 0x00000000d6200000, 0x0000000100000000)
  eden space 9216K, 99% used [0x00000000d5580000,0x00000000d5e7f4f0,0x00000000d5e80000)
  from space 1536K, 79% used [0x00000000d6080000,0x00000000d61b0040,0x00000000d6200000)
  to   space 1536K, 0% used [0x00000000d5e80000,0x00000000d5e80000,0x00000000d6000000)
 ParOldGen       total 113664K, used 113353K [0x0000000080000000, 0x0000000086f00000, 0x00000000d5580000)
  object space 113664K, 99% used [0x0000000080000000,0x0000000086eb2598,0x0000000086f00000)
 Metaspace       used 64205K, committed 65792K, reserved 1114112K
  class space    used 6761K, committed 7424K, reserved 1048576K
}
Event: 19.310 GC heap after
{Heap after GC invocations=186 (full 3):
 PSYoungGen      total 10752K, used 1520K [0x00000000d5580000, 0x00000000d6480000, 0x0000000100000000)
  eden space 9216K, 0% used [0x00000000d5580000,0x00000000d5580000,0x00000000d5e80000)
  from space 1536K, 98% used [0x00000000d5e80000,0x00000000d5ffc010,0x00000000d6000000)
  to   space 3072K, 0% used [0x00000000d6180000,0x00000000d6180000,0x00000000d6480000)
 ParOldGen       total 114688K, used 114589K [0x0000000080000000, 0x0000000087000000, 0x00000000d5580000)
  object space 114688K, 99% used [0x0000000080000000,0x0000000086fe7618,0x0000000087000000)
 Metaspace       used 64205K, committed 65792K, reserved 1114112K
  class space    used 6761K, committed 7424K, reserved 1048576K
}
Event: 19.360 GC heap before
{Heap before GC invocations=187 (full 3):
 PSYoungGen      total 10752K, used 10736K [0x00000000d5580000, 0x00000000d6480000, 0x0000000100000000)
  eden space 9216K, 100% used [0x00000000d5580000,0x00000000d5e80000,0x00000000d5e80000)
  from space 1536K, 98% used [0x00000000d5e80000,0x00000000d5ffc010,0x00000000d6000000)
  to   space 3072K, 0% used [0x00000000d6180000,0x00000000d6180000,0x00000000d6480000)
 ParOldGen       total 114688K, used 114589K [0x0000000080000000, 0x0000000087000000, 0x00000000d5580000)
  object space 114688K, 99% used [0x0000000080000000,0x0000000086fe7618,0x0000000087000000)
 Metaspace       used 64408K, committed 66048K, reserved 1114112K
  class space    used 6771K, committed 7488K, reserved 1048576K
}
Event: 19.363 GC heap after
{Heap after GC invocations=187 (full 3):
 PSYoungGen      total 10752K, used 1367K [0x00000000d5580000, 0x00000000d6300000, 0x0000000100000000)
  eden space 9216K, 0% used [0x00000000d5580000,0x00000000d5580000,0x00000000d5e80000)
  from space 1536K, 89% used [0x00000000d6180000,0x00000000d62d5fb0,0x00000000d6300000)
  to   space 2048K, 0% used [0x00000000d5f00000,0x00000000d5f00000,0x00000000d6100000)
 ParOldGen       total 116224K, used 116005K [0x0000000080000000, 0x0000000087180000, 0x00000000d5580000)
  object space 116224K, 99% used [0x0000000080000000,0x0000000087149648,0x0000000087180000)
 Metaspace       used 64408K, committed 66048K, reserved 1114112K
  class space    used 6771K, committed 7488K, reserved 1048576K
}
Event: 20.466 GC heap before
{Heap before GC invocations=188 (full 3):
 PSYoungGen      total 10752K, used 10583K [0x00000000d5580000, 0x00000000d6300000, 0x0000000100000000)
  eden space 9216K, 100% used [0x00000000d5580000,0x00000000d5e80000,0x00000000d5e80000)
  from space 1536K, 89% used [0x00000000d6180000,0x00000000d62d5fb0,0x00000000d6300000)
  to   space 2048K, 0% used [0x00000000d5f00000,0x00000000d5f00000,0x00000000d6100000)
 ParOldGen       total 116224K, used 116005K [0x0000000080000000, 0x0000000087180000, 0x00000000d5580000)
  object space 116224K, 99% used [0x0000000080000000,0x0000000087149648,0x0000000087180000)
 Metaspace       used 64651K, committed 66304K, reserved 1114112K
  class space    used 6804K, committed 7552K, reserved 1048576K
}
Event: 20.469 GC heap after
{Heap after GC invocations=188 (full 3):
 PSYoungGen      total 10240K, used 832K [0x00000000d5580000, 0x00000000d6200000, 0x0000000100000000)
  eden space 9216K, 0% used [0x00000000d5580000,0x00000000d5580000,0x00000000d5e80000)
  from space 1024K, 81% used [0x00000000d5f00000,0x00000000d5fd0000,0x00000000d6000000)
  to   space 1536K, 0% used [0x00000000d6080000,0x00000000d6080000,0x00000000d6200000)
 ParOldGen       total 117248K, used 117029K [0x0000000080000000, 0x0000000087280000, 0x00000000d5580000)
  object space 117248K, 99% used [0x0000000080000000,0x0000000087249668,0x0000000087280000)
 Metaspace       used 64651K, committed 66304K, reserved 1114112K
  class space    used 6804K, committed 7552K, reserved 1048576K
}
Event: 20.506 GC heap before
{Heap before GC invocations=189 (full 3):
 PSYoungGen      total 10240K, used 10048K [0x00000000d5580000, 0x00000000d6200000, 0x0000000100000000)
  eden space 9216K, 100% used [0x00000000d5580000,0x00000000d5e80000,0x00000000d5e80000)
  from space 1024K, 81% used [0x00000000d5f00000,0x00000000d5fd0000,0x00000000d6000000)
  to   space 1536K, 0% used [0x00000000d6080000,0x00000000d6080000,0x00000000d6200000)
 ParOldGen       total 117248K, used 117029K [0x0000000080000000, 0x0000000087280000, 0x00000000d5580000)
  object space 117248K, 99% used [0x0000000080000000,0x0000000087249668,0x0000000087280000)
 Metaspace       used 64823K, committed 66432K, reserved 1114112K
  class space    used 6808K, committed 7552K, reserved 1048576K
}
Event: 20.508 GC heap after
{Heap after GC invocations=189 (full 3):
 PSYoungGen      total 10240K, used 974K [0x00000000d5580000, 0x00000000d6180000, 0x0000000100000000)
  eden space 9216K, 0% used [0x00000000d5580000,0x00000000d5580000,0x00000000d5e80000)
  from space 1024K, 95% used [0x00000000d6080000,0x00000000d6173ab8,0x00000000d6180000)
  to   space 1024K, 0% used [0x00000000d5f00000,0x00000000d5f00000,0x00000000d6000000)
 ParOldGen       total 117760K, used 117542K [0x0000000080000000, 0x0000000087300000, 0x00000000d5580000)
  object space 117760K, 99% used [0x0000000080000000,0x00000000872c9948,0x0000000087300000)
 Metaspace       used 64823K, committed 66432K, reserved 1114112K
  class space    used 6808K, committed 7552K, reserved 1048576K
}
Event: 20.556 GC heap before
{Heap before GC invocations=190 (full 3):
 PSYoungGen      total 10240K, used 10190K [0x00000000d5580000, 0x00000000d6180000, 0x0000000100000000)
  eden space 9216K, 100% used [0x00000000d5580000,0x00000000d5e80000,0x00000000d5e80000)
  from space 1024K, 95% used [0x00000000d6080000,0x00000000d6173ab8,0x00000000d6180000)
  to   space 1024K, 0% used [0x00000000d5f00000,0x00000000d5f00000,0x00000000d6000000)
 ParOldGen       total 117760K, used 117542K [0x0000000080000000, 0x0000000087300000, 0x00000000d5580000)
  object space 117760K, 99% used [0x0000000080000000,0x00000000872c9948,0x0000000087300000)
 Metaspace       used 65041K, committed 66624K, reserved 1114112K
  class space    used 6818K, committed 7552K, reserved 1048576K
}
Event: 20.558 GC heap after
{Heap after GC invocations=190 (full 3):
 PSYoungGen      total 10240K, used 820K [0x00000000d5580000, 0x00000000d6100000, 0x0000000100000000)
  eden space 9216K, 0% used [0x00000000d5580000,0x00000000d5580000,0x00000000d5e80000)
  from space 1024K, 80% used [0x00000000d5f00000,0x00000000d5fcd298,0x00000000d6000000)
  to   space 1024K, 0% used [0x00000000d6000000,0x00000000d6000000,0x00000000d6100000)
 ParOldGen       total 118272K, used 118170K [0x0000000080000000, 0x0000000087380000, 0x00000000d5580000)
  object space 118272K, 99% used [0x0000000080000000,0x0000000087366bf8,0x0000000087380000)
 Metaspace       used 65041K, committed 66624K, reserved 1114112K
  class space    used 6818K, committed 7552K, reserved 1048576K
}
Event: 20.585 GC heap before
{Heap before GC invocations=191 (full 3):
 PSYoungGen      total 10240K, used 10036K [0x00000000d5580000, 0x00000000d6100000, 0x0000000100000000)
  eden space 9216K, 100% used [0x00000000d5580000,0x00000000d5e80000,0x00000000d5e80000)
  from space 1024K, 80% used [0x00000000d5f00000,0x00000000d5fcd298,0x00000000d6000000)
  to   space 1024K, 0% used [0x00000000d6000000,0x00000000d6000000,0x00000000d6100000)
 ParOldGen       total 118272K, used 118170K [0x0000000080000000, 0x0000000087380000, 0x00000000d5580000)
  object space 118272K, 99% used [0x0000000080000000,0x0000000087366bf8,0x0000000087380000)
 Metaspace       used 65186K, committed 66752K, reserved 1114112K
  class space    used 6827K, committed 7552K, reserved 1048576K
}
Event: 21.593 GC heap after
{Heap after GC invocations=191 (full 3):
 PSYoungGen      total 9728K, used 1016K [0x00000000d5580000, 0x00000000d6280000, 0x0000000100000000)
  eden space 8704K, 0% used [0x00000000d5580000,0x00000000d5580000,0x00000000d5e00000)
  from space 1024K, 99% used [0x00000000d6000000,0x00000000d60fe1a8,0x00000000d6100000)
  to   space 2048K, 0% used [0x00000000d5e00000,0x00000000d5e00000,0x00000000d6000000)
 ParOldGen       total 118784K, used 118635K [0x0000000080000000, 0x0000000087400000, 0x00000000d5580000)
  object space 118784K, 99% used [0x0000000080000000,0x00000000873dac28,0x0000000087400000)
 Metaspace       used 65186K, committed 66752K, reserved 1114112K
  class space    used 6827K, committed 7552K, reserved 1048576K
}
Event: 22.665 GC heap before
{Heap before GC invocations=192 (full 3):
 PSYoungGen      total 9728K, used 9720K [0x00000000d5580000, 0x00000000d6280000, 0x0000000100000000)
  eden space 8704K, 100% used [0x00000000d5580000,0x00000000d5e00000,0x00000000d5e00000)
  from space 1024K, 99% used [0x00000000d6000000,0x00000000d60fe1a8,0x00000000d6100000)
  to   space 2048K, 0% used [0x00000000d5e00000,0x00000000d5e00000,0x00000000d6000000)
 ParOldGen       total 118784K, used 118635K [0x0000000080000000, 0x0000000087400000, 0x00000000d5580000)
  object space 118784K, 99% used [0x0000000080000000,0x00000000873dac28,0x0000000087400000)
 Metaspace       used 65543K, committed 67072K, reserved 1114112K
  class space    used 6849K, committed 7552K, reserved 1048576K
}
Event: 23.679 GC heap after
{Heap after GC invocations=192 (full 3):
 PSYoungGen      total 9728K, used 848K [0x00000000d5580000, 0x00000000d6100000, 0x0000000100000000)
  eden space 8704K, 0% used [0x00000000d5580000,0x00000000d5580000,0x00000000d5e00000)
  from space 1024K, 82% used [0x00000000d5e00000,0x00000000d5ed4010,0x00000000d5f00000)
  to   space 1536K, 0% used [0x00000000d5f80000,0x00000000d5f80000,0x00000000d6100000)
 ParOldGen       total 119808K, used 119315K [0x0000000080000000, 0x0000000087500000, 0x00000000d5580000)
  object space 119808K, 99% used [0x0000000080000000,0x0000000087484c38,0x0000000087500000)
 Metaspace       used 65543K, committed 67072K, reserved 1114112K
  class space    used 6849K, committed 7552K, reserved 1048576K
}

