# JRE version: OpenJDK Runtime Environment Temurin-21.0.9+10 (21.0.9+10) (build 21.0.9+10-LTS)
# Java VM: OpenJDK 64-Bit Server VM Temurin-21.0.9+10 (21.0.9+10-LTS, mixed mode, sharing, tiered, compressed oops, compressed class ptrs, parallel gc, windows-amd64)
GC Precious Log:
 CardTable entry size: 512
 CPUs: 12 total, 12 available
 Memory: 7521M
 Large Page Support: Disabled
 NUMA Support: Disabled
 Compressed Oops: Enabled (32-bit)
 Alignments: Space 512K, Generation 512K, Heap 2M
 Heap Min Capacity: 100M
 Heap Initial Capacity: 100M
 Heap Max Capacity: 2G
 Pre-touch: Disabled
 Parallel Workers: 10
Heap:
 PSYoungGen      total 19968K, used 10399K [0x00000000d5580000, 0x00000000d6b00000, 0x0000000100000000)
  eden space 18944K, 50% used [0x00000000d5580000,0x00000000d5eeeb28,0x00000000d6800000)
  from space 1024K, 72% used [0x00000000d6a00000,0x00000000d6ab9210,0x00000000d6b00000)
  to   space 1024K, 0% used [0x00000000d6900000,0x00000000d6900000,0x00000000d6a00000)
 ParOldGen       total 846848K, used 550644K [0x0000000080000000, 0x00000000b3b00000, 0x00000000d5580000)
  object space 846848K, 65% used [0x0000000080000000,0x00000000a19bd350,0x00000000b3b00000)
 Metaspace       used 85168K, committed 86848K, reserved 1179648K
  class space    used 8640K, committed 9408K, reserved 1048576K
GC Heap History (20 events):
Event: 12267.026 GC heap before
{Heap before GC invocations=1539 (full 4):
 PSYoungGen      total 13312K, used 13296K [0x00000000d5580000, 0x00000000d6a80000, 0x0000000100000000)
  eden space 11264K, 100% used [0x00000000d5580000,0x00000000d6080000,0x00000000d6080000)
  from space 2048K, 99% used [0x00000000d6480000,0x00000000d667c020,0x00000000d6680000)
  to   space 4096K, 0% used [0x00000000d6080000,0x00000000d6080000,0x00000000d6480000)
 ParOldGen       total 846848K, used 517270K [0x0000000080000000, 0x00000000b3b00000, 0x00000000d5580000)
  object space 846848K, 61% used [0x0000000080000000,0x000000009f9259c0,0x00000000b3b00000)
 Metaspace       used 85104K, committed 86720K, reserved 1179648K
  class space    used 8640K, committed 9408K, reserved 1048576K
}
Event: 12267.033 GC heap after
{Heap after GC invocations=1539 (full 4):
 PSYoungGen      total 15360K, used 1521K [0x00000000d5580000, 0x00000000d6800000, 0x0000000100000000)
  eden space 11264K, 0% used [0x00000000d5580000,0x00000000d5580000,0x00000000d6080000)
  from space 4096K, 37% used [0x00000000d6080000,0x00000000d61fc710,0x00000000d6480000)
  to   space 2560K, 0% used [0x00000000d6580000,0x00000000d6580000,0x00000000d6800000)
 ParOldGen       total 846848K, used 519215K [0x0000000080000000, 0x00000000b3b00000, 0x00000000d5580000)
  object space 846848K, 61% used [0x0000000080000000,0x000000009fb0bc78,0x00000000b3b00000)
 Metaspace       used 85104K, committed 86720K, reserved 1179648K
  class space    used 8640K, committed 9408K, reserved 1048576K
}
Event: 12267.062 GC heap before
{Heap before GC invocations=1540 (full 4):
 PSYoungGen      total 15360K, used 12785K [0x00000000d5580000, 0x00000000d6800000, 0x0000000100000000)
  eden space 11264K, 100% used [0x00000000d5580000,0x00000000d6080000,0x00000000d6080000)
  from space 4096K, 37% used [0x00000000d6080000,0x00000000d61fc710,0x00000000d6480000)
  to   space 2560K, 0% used [0x00000000d6580000,0x00000000d6580000,0x00000000d6800000)
 ParOldGen       total 846848K, used 519215K [0x0000000080000000, 0x00000000b3b00000, 0x00000000d5580000)
  object space 846848K, 61% used [0x0000000080000000,0x000000009fb0bc78,0x00000000b3b00000)
 Metaspace       used 85125K, committed 86784K, reserved 1179648K
  class space    used 8640K, committed 9408K, reserved 1048576K
}
Event: 12267.069 GC heap after
{Heap after GC invocations=1540 (full 4):
 PSYoungGen      total 15872K, used 1832K [0x00000000d5580000, 0x00000000d6780000, 0x0000000100000000)
  eden space 13824K, 0% used [0x00000000d5580000,0x00000000d5580000,0x00000000d6300000)
  from space 2048K, 89% used [0x00000000d6580000,0x00000000d674a248,0x00000000d6780000)
  to   space 2048K, 0% used [0x00000000d6380000,0x00000000d6380000,0x00000000d6580000)
 ParOldGen       total 846848K, used 520646K [0x0000000080000000, 0x00000000b3b00000, 0x00000000d5580000)
  object space 846848K, 61% used [0x0000000080000000,0x000000009fc71868,0x00000000b3b00000)
 Metaspace       used 85125K, committed 86784K, reserved 1179648K
  class space    used 8640K, committed 9408K, reserved 1048576K
}
Event: 12267.085 GC heap before
{Heap before GC invocations=1541 (full 4):
 PSYoungGen      total 15872K, used 15656K [0x00000000d5580000, 0x00000000d6780000, 0x0000000100000000)
  eden space 13824K, 100% used [0x00000000d5580000,0x00000000d6300000,0x00000000d6300000)
  from space 2048K, 89% used [0x00000000d6580000,0x00000000d674a248,0x00000000d6780000)
  to   space 2048K, 0% used [0x00000000d6380000,0x00000000d6380000,0x00000000d6580000)
 ParOldGen       total 846848K, used 520646K [0x0000000080000000, 0x00000000b3b00000, 0x00000000d5580000)
  object space 846848K, 61% used [0x0000000080000000,0x000000009fc71868,0x00000000b3b00000)
 Metaspace       used 85125K, committed 86784K, reserved 1179648K
  class space    used 8640K, committed 9408K, reserved 1048576K
}
Event: 12267.091 GC heap after
{Heap after GC invocations=1541 (full 4):
 PSYoungGen      total 16384K, used 1392K [0x00000000d5580000, 0x00000000d6a00000, 0x0000000100000000)
  eden space 14336K, 0% used [0x00000000d5580000,0x00000000d5580000,0x00000000d6380000)
  from space 2048K, 67% used [0x00000000d6380000,0x00000000d64dc060,0x00000000d6580000)
  to   space 2048K, 0% used [0x00000000d6800000,0x00000000d6800000,0x00000000d6a00000)
 ParOldGen       total 846848K, used 522238K [0x0000000080000000, 0x00000000b3b00000, 0x00000000d5580000)
  object space 846848K, 61% used [0x0000000080000000,0x000000009fdffb10,0x00000000b3b00000)
 Metaspace       used 85125K, committed 86784K, reserved 1179648K
  class space    used 8640K, committed 9408K, reserved 1048576K
}
Event: 12267.160 GC heap before
{Heap before GC invocations=1542 (full 4):
 PSYoungGen      total 16384K, used 15728K [0x00000000d5580000, 0x00000000d6a00000, 0x0000000100000000)
  eden space 14336K, 100% used [0x00000000d5580000,0x00000000d6380000,0x00000000d6380000)
  from space 2048K, 67% used [0x00000000d6380000,0x00000000d64dc060,0x00000000d6580000)
  to   space 2048K, 0% used [0x00000000d6800000,0x00000000d6800000,0x00000000d6a00000)
 ParOldGen       total 846848K, used 533758K [0x0000000080000000, 0x00000000b3b00000, 0x00000000d5580000)
  object space 846848K, 63% used [0x0000000080000000,0x00000000a093fb20,0x00000000b3b00000)
 Metaspace       used 85125K, committed 86784K, reserved 1179648K
  class space    used 8640K, committed 9408K, reserved 1048576K
}
Event: 12267.201 GC heap after
{Heap after GC invocations=1542 (full 4):
 PSYoungGen      total 18944K, used 864K [0x00000000d5580000, 0x00000000d6980000, 0x0000000100000000)
  eden space 17408K, 0% used [0x00000000d5580000,0x00000000d5580000,0x00000000d6680000)
  from space 1536K, 56% used [0x00000000d6800000,0x00000000d68d8030,0x00000000d6980000)
  to   space 1536K, 0% used [0x00000000d6680000,0x00000000d6680000,0x00000000d6800000)
 ParOldGen       total 846848K, used 542710K [0x0000000080000000, 0x00000000b3b00000, 0x00000000d5580000)
  object space 846848K, 64% used [0x0000000080000000,0x00000000a11fdbb0,0x00000000b3b00000)
 Metaspace       used 85125K, committed 86784K, reserved 1179648K
  class space    used 8640K, committed 9408K, reserved 1048576K
}
Event: 12267.213 GC heap before
{Heap before GC invocations=1543 (full 4):
 PSYoungGen      total 18944K, used 18272K [0x00000000d5580000, 0x00000000d6980000, 0x0000000100000000)
  eden space 17408K, 100% used [0x00000000d5580000,0x00000000d6680000,0x00000000d6680000)
  from space 1536K, 56% used [0x00000000d6800000,0x00000000d68d8030,0x00000000d6980000)
  to   space 1536K, 0% used [0x00000000d6680000,0x00000000d6680000,0x00000000d6800000)
 ParOldGen       total 846848K, used 542710K [0x0000000080000000, 0x00000000b3b00000, 0x00000000d5580000)
  object space 846848K, 64% used [0x0000000080000000,0x00000000a11fdbb0,0x00000000b3b00000)
 Metaspace       used 85126K, committed 86784K, reserved 1179648K
  class space    used 8640K, committed 9408K, reserved 1048576K
}
Event: 12267.216 GC heap after
{Heap after GC invocations=1543 (full 4):
 PSYoungGen      total 18944K, used 720K [0x00000000d5580000, 0x00000000d6c00000, 0x0000000100000000)
  eden space 17408K, 0% used [0x00000000d5580000,0x00000000d5580000,0x00000000d6680000)
  from space 1536K, 46% used [0x00000000d6680000,0x00000000d6734010,0x00000000d6800000)
  to   space 1024K, 0% used [0x00000000d6b00000,0x00000000d6b00000,0x00000000d6c00000)
 ParOldGen       total 846848K, used 543342K [0x0000000080000000, 0x00000000b3b00000, 0x00000000d5580000)
  object space 846848K, 64% used [0x0000000080000000,0x00000000a129bbe0,0x00000000b3b00000)
 Metaspace       used 85126K, committed 86784K, reserved 1179648K
  class space    used 8640K, committed 9408K, reserved 1048576K
}
Event: 12267.249 GC heap before
{Heap before GC invocations=1544 (full 4):
 PSYoungGen      total 18944K, used 18128K [0x00000000d5580000, 0x00000000d6c00000, 0x0000000100000000)
  eden space 17408K, 100% used [0x00000000d5580000,0x00000000d6680000,0x00000000d6680000)
  from space 1536K, 46% used [0x00000000d6680000,0x00000000d6734010,0x00000000d6800000)
  to   space 1024K, 0% used [0x00000000d6b00000,0x00000000d6b00000,0x00000000d6c00000)
 ParOldGen       total 846848K, used 543342K [0x0000000080000000, 0x00000000b3b00000, 0x00000000d5580000)
  object space 846848K, 64% used [0x0000000080000000,0x00000000a129bbe0,0x00000000b3b00000)
 Metaspace       used 85132K, committed 86784K, reserved 1179648K
  class space    used 8640K, committed 9408K, reserved 1048576K
}
Event: 12267.254 GC heap after
{Heap after GC invocations=1544 (full 4):
 PSYoungGen      total 19968K, used 1024K [0x00000000d5580000, 0x00000000d7000000, 0x0000000100000000)
  eden space 18944K, 0% used [0x00000000d5580000,0x00000000d5580000,0x00000000d6800000)
  from space 1024K, 100% used [0x00000000d6b00000,0x00000000d6c00000,0x00000000d6c00000)
  to   space 3072K, 0% used [0x00000000d6800000,0x00000000d6800000,0x00000000d6b00000)
 ParOldGen       total 846848K, used 544643K [0x0000000080000000, 0x00000000b3b00000, 0x00000000d5580000)
  object space 846848K, 64% used [0x0000000080000000,0x00000000a13e0ce0,0x00000000b3b00000)
 Metaspace       used 85132K, committed 86784K, reserved 1179648K
  class space    used 8640K, committed 9408K, reserved 1048576K
}
Event: 12267.323 GC heap before
{Heap before GC invocations=1545 (full 4):
 PSYoungGen      total 19968K, used 19968K [0x00000000d5580000, 0x00000000d7000000, 0x0000000100000000)
  eden space 18944K, 100% used [0x00000000d5580000,0x00000000d6800000,0x00000000d6800000)
  from space 1024K, 100% used [0x00000000d6b00000,0x00000000d6c00000,0x00000000d6c00000)
  to   space 3072K, 0% used [0x00000000d6800000,0x00000000d6800000,0x00000000d6b00000)
 ParOldGen       total 846848K, used 544643K [0x0000000080000000, 0x00000000b3b00000, 0x00000000d5580000)
  object space 846848K, 64% used [0x0000000080000000,0x00000000a13e0ce0,0x00000000b3b00000)
 Metaspace       used 85142K, committed 86784K, reserved 1179648K
  class space    used 8640K, committed 9408K, reserved 1048576K
}
Event: 12267.328 GC heap after
{Heap after GC invocations=1545 (full 4):
 PSYoungGen      total 21504K, used 2108K [0x00000000d5580000, 0x00000000d6d00000, 0x0000000100000000)
  eden space 18944K, 0% used [0x00000000d5580000,0x00000000d5580000,0x00000000d6800000)
  from space 2560K, 82% used [0x00000000d6800000,0x00000000d6a0f020,0x00000000d6a80000)
  to   space 2560K, 0% used [0x00000000d6a80000,0x00000000d6a80000,0x00000000d6d00000)
 ParOldGen       total 846848K, used 545679K [0x0000000080000000, 0x00000000b3b00000, 0x00000000d5580000)
  object space 846848K, 64% used [0x0000000080000000,0x00000000a14e3e50,0x00000000b3b00000)
 Metaspace       used 85142K, committed 86784K, reserved 1179648K
  class space    used 8640K, committed 9408K, reserved 1048576K
}
Event: 12267.374 GC heap before
{Heap before GC invocations=1546 (full 4):
 PSYoungGen      total 21504K, used 21052K [0x00000000d5580000, 0x00000000d6d00000, 0x0000000100000000)
  eden space 18944K, 100% used [0x00000000d5580000,0x00000000d6800000,0x00000000d6800000)
  from space 2560K, 82% used [0x00000000d6800000,0x00000000d6a0f020,0x00000000d6a80000)
  to   space 2560K, 0% used [0x00000000d6a80000,0x00000000d6a80000,0x00000000d6d00000)
 ParOldGen       total 846848K, used 545679K [0x0000000080000000, 0x00000000b3b00000, 0x00000000d5580000)
  object space 846848K, 64% used [0x0000000080000000,0x00000000a14e3e50,0x00000000b3b00000)
 Metaspace       used 85154K, committed 86784K, reserved 1179648K
  class space    used 8640K, committed 9408K, reserved 1048576K
}
Event: 12267.382 GC heap after
{Heap after GC invocations=1546 (full 4):
 PSYoungGen      total 21504K, used 2116K [0x00000000d5580000, 0x00000000d6d00000, 0x0000000100000000)
  eden space 18944K, 0% used [0x00000000d5580000,0x00000000d5580000,0x00000000d6800000)
  from space 2560K, 82% used [0x00000000d6a80000,0x00000000d6c91250,0x00000000d6d00000)
  to   space 2560K, 0% used [0x00000000d6800000,0x00000000d6800000,0x00000000d6a80000)
 ParOldGen       total 846848K, used 547595K [0x0000000080000000, 0x00000000b3b00000, 0x00000000d5580000)
  object space 846848K, 64% used [0x0000000080000000,0x00000000a16c2eb0,0x00000000b3b00000)
 Metaspace       used 85154K, committed 86784K, reserved 1179648K
  class space    used 8640K, committed 9408K, reserved 1048576K
}
Event: 12267.421 GC heap before
{Heap before GC invocations=1547 (full 4):
 PSYoungGen      total 21504K, used 21060K [0x00000000d5580000, 0x00000000d6d00000, 0x0000000100000000)
  eden space 18944K, 100% used [0x00000000d5580000,0x00000000d6800000,0x00000000d6800000)
  from space 2560K, 82% used [0x00000000d6a80000,0x00000000d6c91250,0x00000000d6d00000)
  to   space 2560K, 0% used [0x00000000d6800000,0x00000000d6800000,0x00000000d6a80000)
 ParOldGen       total 846848K, used 547595K [0x0000000080000000, 0x00000000b3b00000, 0x00000000d5580000)
  object space 846848K, 64% used [0x0000000080000000,0x00000000a16c2eb0,0x00000000b3b00000)
 Metaspace       used 85155K, committed 86784K, reserved 1179648K
  class space    used 8640K, committed 9408K, reserved 1048576K
}
Event: 12267.427 GC heap after
{Heap after GC invocations=1547 (full 4):
 PSYoungGen      total 20480K, used 1364K [0x00000000d5580000, 0x00000000d6c00000, 0x0000000100000000)
  eden space 18944K, 0% used [0x00000000d5580000,0x00000000d5580000,0x00000000d6800000)
  from space 1536K, 88% used [0x00000000d6800000,0x00000000d6955220,0x00000000d6980000)
  to   space 2048K, 0% used [0x00000000d6a00000,0x00000000d6a00000,0x00000000d6c00000)
 ParOldGen       total 846848K, used 549536K [0x0000000080000000, 0x00000000b3b00000, 0x00000000d5580000)
  object space 846848K, 64% used [0x0000000080000000,0x00000000a18a8120,0x00000000b3b00000)
 Metaspace       used 85155K, committed 86784K, reserved 1179648K
  class space    used 8640K, committed 9408K, reserved 1048576K
}
Event: 12268.230 GC heap before
{Heap before GC invocations=1548 (full 4):
 PSYoungGen      total 20480K, used 20308K [0x00000000d5580000, 0x00000000d6c00000, 0x0000000100000000)
  eden space 18944K, 100% used [0x00000000d5580000,0x00000000d6800000,0x00000000d6800000)
  from space 1536K, 88% used [0x00000000d6800000,0x00000000d6955220,0x00000000d6980000)
  to   space 2048K, 0% used [0x00000000d6a00000,0x00000000d6a00000,0x00000000d6c00000)
 ParOldGen       total 846848K, used 549536K [0x0000000080000000, 0x00000000b3b00000, 0x00000000d5580000)
  object space 846848K, 64% used [0x0000000080000000,0x00000000a18a8120,0x00000000b3b00000)
 Metaspace       used 85157K, committed 86848K, reserved 1179648K
  class space    used 8640K, committed 9408K, reserved 1048576K
}
Event: 12268.232 GC heap after
{Heap after GC invocations=1548 (full 4):
 PSYoungGen      total 19968K, used 740K [0x00000000d5580000, 0x00000000d6b00000, 0x0000000100000000)
  eden space 18944K, 0% used [0x00000000d5580000,0x00000000d5580000,0x00000000d6800000)
  from space 1024K, 72% used [0x00000000d6a00000,0x00000000d6ab9210,0x00000000d6b00000)
  to   space 1024K, 0% used [0x00000000d6900000,0x00000000d6900000,0x00000000d6a00000)
 ParOldGen       total 846848K, used 550644K [0x0000000080000000, 0x00000000b3b00000, 0x00000000d5580000)
  object space 846848K, 65% used [0x0000000080000000,0x00000000a19bd350,0x00000000b3b00000)
 Metaspace       used 85157K, committed 86848K, reserved 1179648K
  class space    used 8640K, committed 9408K, reserved 1048576K
}

