# JRE version: Java(TM) SE Runtime Environment (21.0.1+12) (build 21.0.1+12-LTS-29)
# Java VM: Java HotSpot(TM) 64-Bit Server VM (21.0.1+12-LTS-29, mixed mode, emulated-client, sharing, tiered, compressed oops, compressed class ptrs, g1 gc, windows-amd64)
GC Precious Log:
 CardTable entry size: 512
 Card Set container configuration: InlinePtr #cards 5 size 8 Array Of Cards #cards 12 size 40 Howl #buckets 4 coarsen threshold 1843 Howl Bitmap #cards 512 size 80 coarsen threshold 460 Card regions per heap region 1 cards per card region 2048
 CPUs: 12 total, 12 available
 Memory: 7521M
 Large Page Support: Disabled
 NUMA Support: Disabled
 Compressed Oops: Enabled (32-bit)
 Heap Region Size: 1M
 Heap Min Capacity: 8M
 Heap Initial Capacity: 118M
 Heap Max Capacity: 1882M
 Pre-touch: Disabled
 Parallel Workers: 10
 Concurrent Workers: 3
 Concurrent Refinement Workers: 10
 Periodic GC: Disabled
Heap:
 garbage-first heap   total 66560K, used 60741K [0x000000008a600000, 0x0000000100000000)
  region size 1024K, 42 young (43008K), 4 survivors (4096K)
 Metaspace       used 66735K, committed 67520K, reserved 1114112K
  class space    used 9786K, committed 10112K, reserved 1048576K
GC Heap History (20 events):
Event: 38211.889 GC heap after
{Heap after GC invocations=15 (full 0):
 garbage-first heap   total 66560K, used 31048K [0x000000008a600000, 0x0000000100000000)
  region size 1024K, 2 young (2048K), 2 survivors (2048K)
 Metaspace       used 66773K, committed 67456K, reserved 1114112K
  class space    used 9802K, committed 10112K, reserved 1048576K
}
Event: 39875.785 GC heap before
{Heap before GC invocations=15 (full 0):
 garbage-first heap   total 66560K, used 59720K [0x000000008a600000, 0x0000000100000000)
  region size 1024K, 30 young (30720K), 2 survivors (2048K)
 Metaspace       used 66775K, committed 67456K, reserved 1114112K
  class space    used 9802K, committed 10112K, reserved 1048576K
}
Event: 39875.833 GC heap after
{Heap after GC invocations=16 (full 0):
 garbage-first heap   total 66560K, used 31053K [0x000000008a600000, 0x0000000100000000)
  region size 1024K, 2 young (2048K), 2 survivors (2048K)
 Metaspace       used 66775K, committed 67456K, reserved 1114112K
  class space    used 9802K, committed 10112K, reserved 1048576K
}
Event: 40881.182 GC heap before
{Heap before GC invocations=17 (full 0):
 garbage-first heap   total 66560K, used 59725K [0x000000008a600000, 0x0000000100000000)
  region size 1024K, 30 young (30720K), 2 survivors (2048K)
 Metaspace       used 66448K, committed 67456K, reserved 1114112K
  class space    used 9712K, committed 10112K, reserved 1048576K
}
Event: 40881.223 GC heap after
{Heap after GC invocations=18 (full 0):
 garbage-first heap   total 66560K, used 30816K [0x000000008a600000, 0x0000000100000000)
  region size 1024K, 2 young (2048K), 2 survivors (2048K)
 Metaspace       used 66448K, committed 67456K, reserved 1114112K
  class space    used 9712K, committed 10112K, reserved 1048576K
}
Event: 41800.730 GC heap before
{Heap before GC invocations=18 (full 0):
 garbage-first heap   total 66560K, used 59488K [0x000000008a600000, 0x0000000100000000)
  region size 1024K, 30 young (30720K), 2 survivors (2048K)
 Metaspace       used 66448K, committed 67456K, reserved 1114112K
  class space    used 9712K, committed 10112K, reserved 1048576K
}
Event: 41800.782 GC heap after
{Heap after GC invocations=19 (full 0):
 garbage-first heap   total 66560K, used 28262K [0x000000008a600000, 0x0000000100000000)
  region size 1024K, 2 young (2048K), 2 survivors (2048K)
 Metaspace       used 66448K, committed 67456K, reserved 1114112K
  class space    used 9712K, committed 10112K, reserved 1048576K
}
Event: 42778.160 GC heap before
{Heap before GC invocations=19 (full 0):
 garbage-first heap   total 66560K, used 58982K [0x000000008a600000, 0x0000000100000000)
  region size 1024K, 32 young (32768K), 2 survivors (2048K)
 Metaspace       used 66448K, committed 67456K, reserved 1114112K
  class space    used 9712K, committed 10112K, reserved 1048576K
}
Event: 42778.187 GC heap after
{Heap after GC invocations=20 (full 0):
 garbage-first heap   total 66560K, used 28224K [0x000000008a600000, 0x0000000100000000)
  region size 1024K, 2 young (2048K), 2 survivors (2048K)
 Metaspace       used 66448K, committed 67456K, reserved 1114112K
  class space    used 9712K, committed 10112K, reserved 1048576K
}
Event: 43798.054 GC heap before
{Heap before GC invocations=21 (full 0):
 garbage-first heap   total 66560K, used 58944K [0x000000008a600000, 0x0000000100000000)
  region size 1024K, 32 young (32768K), 2 survivors (2048K)
 Metaspace       used 66448K, committed 67456K, reserved 1114112K
  class space    used 9712K, committed 10112K, reserved 1048576K
}
Event: 43798.103 GC heap after
{Heap after GC invocations=22 (full 0):
 garbage-first heap   total 66560K, used 28276K [0x000000008a600000, 0x0000000100000000)
  region size 1024K, 2 young (2048K), 2 survivors (2048K)
 Metaspace       used 66448K, committed 67456K, reserved 1114112K
  class space    used 9712K, committed 10112K, reserved 1048576K
}
Event: 44777.947 GC heap before
{Heap before GC invocations=22 (full 0):
 garbage-first heap   total 66560K, used 58996K [0x000000008a600000, 0x0000000100000000)
  region size 1024K, 32 young (32768K), 2 survivors (2048K)
 Metaspace       used 66448K, committed 67456K, reserved 1114112K
  class space    used 9712K, committed 10112K, reserved 1048576K
}
Event: 44778.001 GC heap after
{Heap after GC invocations=23 (full 0):
 garbage-first heap   total 66560K, used 27624K [0x000000008a600000, 0x0000000100000000)
  region size 1024K, 2 young (2048K), 2 survivors (2048K)
 Metaspace       used 66448K, committed 67456K, reserved 1114112K
  class space    used 9712K, committed 10112K, reserved 1048576K
}
Event: 45808.606 GC heap before
{Heap before GC invocations=23 (full 0):
 garbage-first heap   total 66560K, used 59368K [0x000000008a600000, 0x0000000100000000)
  region size 1024K, 33 young (33792K), 2 survivors (2048K)
 Metaspace       used 66448K, committed 67456K, reserved 1114112K
  class space    used 9712K, committed 10112K, reserved 1048576K
}
Event: 45808.648 GC heap after
{Heap after GC invocations=24 (full 0):
 garbage-first heap   total 66560K, used 27690K [0x000000008a600000, 0x0000000100000000)
  region size 1024K, 2 young (2048K), 2 survivors (2048K)
 Metaspace       used 66448K, committed 67456K, reserved 1114112K
  class space    used 9712K, committed 10112K, reserved 1048576K
}
Event: 46840.635 GC heap before
{Heap before GC invocations=25 (full 0):
 garbage-first heap   total 66560K, used 59434K [0x000000008a600000, 0x0000000100000000)
  region size 1024K, 33 young (33792K), 2 survivors (2048K)
 Metaspace       used 66448K, committed 67456K, reserved 1114112K
  class space    used 9712K, committed 10112K, reserved 1048576K
}
Event: 46840.679 GC heap after
{Heap after GC invocations=26 (full 0):
 garbage-first heap   total 66560K, used 27662K [0x000000008a600000, 0x0000000100000000)
  region size 1024K, 2 young (2048K), 2 survivors (2048K)
 Metaspace       used 66448K, committed 67456K, reserved 1114112K
  class space    used 9712K, committed 10112K, reserved 1048576K
}
Event: 47229.499 GC heap before
{Heap before GC invocations=26 (full 0):
 garbage-first heap   total 66560K, used 40974K [0x000000008a600000, 0x0000000100000000)
  region size 1024K, 16 young (16384K), 2 survivors (2048K)
 Metaspace       used 66589K, committed 67456K, reserved 1114112K
  class space    used 9752K, committed 10112K, reserved 1048576K
}
Event: 47229.832 GC heap after
{Heap after GC invocations=27 (full 1):
 garbage-first heap   total 66560K, used 21829K [0x000000008a600000, 0x0000000100000000)
  region size 1024K, 0 young (0K), 0 survivors (0K)
 Metaspace       used 66570K, committed 67456K, reserved 1114112K
  class space    used 9747K, committed 10112K, reserved 1048576K
}
Event: 47231.182 GC heap before
{Heap before GC invocations=27 (full 1):
 garbage-first heap   total 66560K, used 59717K [0x000000008a600000, 0x0000000100000000)
  region size 1024K, 38 young (38912K), 0 survivors (0K)
 Metaspace       used 66735K, committed 67520K, reserved 1114112K
  class space    used 9786K, committed 10112K, reserved 1048576K
}

